<?xml version="1.0" encoding="UTF-8"?>
<!-- Generated by org.testng.reporters.JUnitXMLReporter -->
<testsuite hostname="LAPTOP-K64774S4" name="Default test" tests="4" failures="0" timestamp="19 Nov 2019 23:32:48 GMT" time="79.99" errors="0">
  <testcase name="firstCase" time="14.6" classname="amazonTest.amazonTest.amazonTest"/>
  <testcase name="secondCase" time="10.996" classname="amazonTest.amazonTest.amazonTest"/>
  <testcase name="thirdCase" time="9.747" classname="amazonTest.amazonTest.amazonTest"/>
  <testcase name="fourthCase" time="43.669" classname="amazonTest.amazonTest.amazonTest"/>
</testsuite> <!-- Default test -->
